Running ./workflow2.sh for pierre on jeera
#=====================================================================
# 1. trim/clean samples                                               
#=====================================================================
start: 2017-12-12 13:47:59
end  : 2017-12-12 13:48:21
#=====================================================================
# 2. index reference genomes                                          
#=====================================================================
start: 2017-12-12 13:48:21
end  : 2017-12-12 13:49:51
#=====================================================================
# 3. map samples on genome + index maping                             
#=====================================================================
start: 2017-12-12 13:49:51
end  : 2017-12-12 13:51:54
#===================================================================== 
# 4. count number of mapped reads (with and without mismatches)        
#===================================================================== 
start: 2017-12-12 13:51:54
Sample   on genome   :  total_reads no_mismatch_reads percentage
GUP-1_6p on chr6p-pgf:  190256 176554 92.700
GUP-1_6p on chr6p-cox:  140169 75460 53.800
GUP-3_6p on chr6p-pgf:  82944 53203 64.100
GUP-3_6p on chr6p-cox:  99036 92480 93.300
end  : 2017-12-12 13:51:56
Well done!
